00:00:00.001141 VirtualBox DHCP Server 7.0.14 r161095 linux.amd64 (Jan 19 2024 13:54:29) release log
00:00:00.001142 Log opened 2024-03-03T16:09:24.696007000Z
00:00:00.001143 Build Type: release
00:00:00.001144 OS Product: Linux
00:00:00.001145 OS Release: 6.7.6-arch1-2
00:00:00.001145 OS Version: #1 SMP PREEMPT_DYNAMIC Thu, 29 Feb 2024 19:08:51 +0000
00:00:00.001163 DMI Product Name: 20QD0037MZ
00:00:00.001169 DMI Product Version: ThinkPad X1 Carbon 7th
00:00:00.001172 Firmware type: UEFI
00:00:00.001556 Secure Boot: Disabled
00:00:00.001583 Host RAM: 15677MB (15.3GB) total, 11189MB (10.9GB) available
00:00:00.001585 Executable: /usr/lib/virtualbox/VBoxNetDHCP
00:00:00.001586 Process ID: 22616
00:00:00.001586 Package type: LINUX_64BITS_GENERIC (OSE)
00:00:00.001604 --config:  HostInterfaceNetworking-vboxnet0
00:00:00.001605 --comment: HostInterfaceNetworking-vboxnet0
00:00:00.001725 IP address:   192.168.56.100/24
00:00:00.001730 Address pool: 192.168.56.101 - 192.168.56.254
00:00:00.001750 MAC address is not specified: will use generated MAC 08:00:27:d4:a7:b3
00:00:00.001754 Db::i_enterFixedAddressAssignment: 08:00:27:d4:a7:b3: 192.168.56.100
00:00:00.001756 loading leases from /home/ruben/.config/VirtualBox/HostInterfaceNetworking-vboxnet0-Dhcpd.leases
00:00:00.002135 > LOAD: EXPIRED lease 192.168.56.102 to 08:00:27:57:d1:6c, expired, valid from 2022-12-22T14:51:07Z for 600s until 2022-12-22T15:01:07Z
00:00:00.002149 > LOAD: EXPIRED lease 192.168.56.101 to [01:08:00:27:b1:9d:67] (08:00:27:b1:9d:67), expired, valid from 2022-12-22T14:51:22Z for 600s until 2022-12-22T15:01:22Z
00:00:00.002172 SUP: Opened VMMR0.r0 (/usr/lib/virtualbox/VMMR0.r0) at 0xXXXXXXXXXXXXXXXX.
00:00:20.377193 REQUEST xid 0xbd7ae869 chaddr 08:00:27:b1:9d:67
00:00:20.377223  ciaddr 0.0.0.0
00:00:20.377227  client id: 01 08 00 27 b1 9d 67
00:00:20.377232  requested address 192.168.56.101
00:00:20.377237  params { 1 2 6 12 15 26 28 121 3 33 40 41 42 119 249 252 17 }
00:00:20.377264   12: 'kali'
00:00:20.377266   57: 02 40
00:00:20.377270 > allocateAddress 192.168.56.101 to client [01:08:00:27:b1:9d:67] (08:00:27:b1:9d:67)
00:00:20.377277 > .... noted expired binding 192.168.56.102 to 08:00:27:57:d1:6c, expired, valid from 2022-12-22T14:51:07Z for 600s until 2022-12-22T15:01:07Z
00:00:20.377291 > ... found existing binding 192.168.56.101 to [01:08:00:27:b1:9d:67] (08:00:27:b1:9d:67), expired, valid from 2022-12-22T14:51:22Z for 600s until 2022-12-22T15:01:22Z
00:00:20.377298 Lease time 600 secs (default)
00:00:20.377300 writing leases to /home/ruben/.config/VirtualBox/HostInterfaceNetworking-vboxnet0-Dhcpd.leases
00:00:20.379448 >>> requested option 1 (SubnetMask)
00:00:20.379476 ... always supplied
00:00:20.379478 >>> requested option 2 (TimeOffset)
00:00:20.379480 ... not found
00:00:20.379482 >>> requested option 6 (DNSes)
00:00:20.379484 ... not found
00:00:20.379485 >>> requested option 12 (HostName)
00:00:20.379487 ... not found
00:00:20.379489 >>> requested option 15 (DomainName)
00:00:20.379491 ... not found
00:00:20.379492 >>> requested option 26 (InterfaceMTU)
00:00:20.379495 ... not found
00:00:20.379496 >>> requested option 28 (BroadcastAddress)
00:00:20.379498 ... not found
00:00:20.379507 >>> requested option 121 (unknown)
00:00:20.379509 ... not found
00:00:20.379511 >>> requested option 3 (Routers)
00:00:20.379513 ... not found
00:00:20.379514 >>> requested option 33 (StaticRoute)
00:00:20.379516 ... not found
00:00:20.379518 >>> requested option 40 (NISDomain)
00:00:20.379520 ... not found
00:00:20.379522 >>> requested option 41 (NISServers)
00:00:20.379523 ... not found
00:00:20.379525 >>> requested option 42 (NTPServers)
00:00:20.379533 ... not found
00:00:20.379535 >>> requested option 119 (DomainSearch)
00:00:20.379537 ... not found
00:00:20.379539 >>> requested option 249 (unknown)
00:00:20.379547 ... not found
00:00:20.379549 >>> requested option 252 (unknown)
00:00:20.379551 ... not found
00:00:20.379553 >>> requested option 17 (RootPath)
00:00:20.379554 ... not found
00:00:20.379559 encoding option 1 (SubnetMask)
00:00:20.379561 encoding option 51 (LeaseTime)
00:00:20.379580 ACK xid 0xbd7ae869 chaddr 08:00:27:b1:9d:67
00:00:20.379586  ciaddr 0.0.0.0 yiaddr 192.168.56.101
00:00:20.379590 encoded message: 548 bytes
00:00:20.379592 00007a19000036e0/0000: 02 01 06 00 69 e8 7a bd-00 00 00 00 00 00 00 00 ....i.z.........
00:00:20.379603 00007a19000036f0/0010: c0 a8 38 65 00 00 00 00-00 00 00 00 08 00 27 b1 ..8e..........'.
00:00:20.379606 00007a1900003700/0020: 9d 67 00 00 00 00 00 00-00 00 00 00 00 00 00 00 .g..............
00:00:20.379609 00007a1900003710/0030: 00 00 00 00 00 00 00 00-00 00 00 00 00 00 00 00 ................
00:00:20.379617 00007a1900003720/0040: 00 00 00 00 00 00 00 00-00 00 00 00 00 00 00 00 ................
00:00:20.379620 00007a1900003730/0050: 00 00 00 00 00 00 00 00-00 00 00 00 00 00 00 00 ................
00:00:20.379622 00007a1900003740/0060: 00 00 00 00 00 00 00 00-00 00 00 00 00 00 00 00 ................
00:00:20.379625 00007a1900003750/0070: 00 00 00 00 00 00 00 00-00 00 00 00 00 00 00 00 ................
00:00:20.379627 00007a1900003760/0080: 00 00 00 00 00 00 00 00-00 00 00 00 00 00 00 00 ................
00:00:20.379630 00007a1900003770/0090: 00 00 00 00 00 00 00 00-00 00 00 00 00 00 00 00 ................
00:00:20.379633 00007a1900003780/00a0: 00 00 00 00 00 00 00 00-00 00 00 00 00 00 00 00 ................
00:00:20.379635 00007a1900003790/00b0: 00 00 00 00 00 00 00 00-00 00 00 00 00 00 00 00 ................
00:00:20.379638 00007a19000037a0/00c0: 00 00 00 00 00 00 00 00-00 00 00 00 00 00 00 00 ................
00:00:20.379640 00007a19000037b0/00d0: 00 00 00 00 00 00 00 00-00 00 00 00 00 00 00 00 ................
00:00:20.379649 00007a19000037c0/00e0: 00 00 00 00 00 00 00 00-00 00 00 00 63 82 53 63 ............c.Sc
00:00:20.379651 00007a19000037d0/00f0: 36 04 c0 a8 38 64 35 01-05 01 04 ff ff ff 00 33 6...8d5........3
00:00:20.379654 00007a19000037e0/0100: 04 00 00 02 58 ff 00 00-00 00 00 00 00 00 00 00 ....X...........
00:00:20.379657 00007a19000037f0/0110: 00 00 00 00 00 00 00 00-00 00 00 00 00 00 00 00 ................
00:00:20.379660 00007a1900003800/0120: 00 00 00 00 00 00 00 00-00 00 00 00 00 00 00 00 ................
00:00:20.379662 00007a1900003810/0130: 00 00 00 00 00 00 00 00-00 00 00 00 00 00 00 00 ................
00:00:20.379677 00007a1900003820/0140: 00 00 00 00 00 00 00 00-00 00 00 00 00 00 00 00 ................
00:00:20.379686 00007a1900003830/0150: 00 00 00 00 00 00 00 00-00 00 00 00 00 00 00 00 ................
00:00:20.379688 00007a1900003840/0160: 00 00 00 00 00 00 00 00-00 00 00 00 00 00 00 00 ................
00:00:20.379691 00007a1900003850/0170: 00 00 00 00 00 00 00 00-00 00 00 00 00 00 00 00 ................
00:00:20.379693 00007a1900003860/0180: 00 00 00 00 00 00 00 00-00 00 00 00 00 00 00 00 ................
00:00:20.379695 00007a1900003870/0190: 00 00 00 00 00 00 00 00-00 00 00 00 00 00 00 00 ................
00:00:20.379698 00007a1900003880/01a0: 00 00 00 00 00 00 00 00-00 00 00 00 00 00 00 00 ................
00:00:20.379700 00007a1900003890/01b0: 00 00 00 00 00 00 00 00-00 00 00 00 00 00 00 00 ................
00:00:20.379703 00007a19000038a0/01c0: 00 00 00 00 00 00 00 00-00 00 00 00 00 00 00 00 ................
00:00:20.379706 00007a19000038b0/01d0: 00 00 00 00 00 00 00 00-00 00 00 00 00 00 00 00 ................
00:00:20.379709 00007a19000038c0/01e0: 00 00 00 00 00 00 00 00-00 00 00 00 00 00 00 00 ................
00:00:20.379718 00007a19000038d0/01f0: 00 00 00 00 00 00 00 00-00 00 00 00 00 00 00 00 ................
00:00:20.379720 00007a19000038e0/0200: 00 00 00 00 00 00 00 00-00 00 00 00 00 00 00 00 ................
00:00:20.379723 00007a19000038f0/0210: 00 00 00 00 00 00 00 00-00 00 00 00 00 00 00 00 ................
00:00:20.379725 00007a1900003900/0220: 00 00 00 00                                     ....
