00:00:00.580043 VirtualBox GUI VM Selector Window 7.0.18 r162988 linux.amd64 (May  3 2024 17:29:05) release log
00:00:00.580044 Log opened 2024-06-11T20:59:44.108960000Z
00:00:00.580045 Build Type: release
00:00:00.580046 OS Product: Linux
00:00:00.580046 OS Release: 6.9.3-zen1-1-zen
00:00:00.580047 OS Version: #1 ZEN SMP PREEMPT_DYNAMIC Fri, 31 May 2024 15:14:26 +0000
00:00:00.580060 DMI Product Name: 20QD0037MZ
00:00:00.580065 DMI Product Version: ThinkPad X1 Carbon 7th
00:00:00.580068 Firmware type: UEFI
00:00:00.580393 Secure Boot: Disabled
00:00:00.580414 Host RAM: 15672MB (15.3GB) total, 10572MB (10.3GB) available
00:00:00.580416 Executable: /usr/lib/virtualbox/VirtualBox
00:00:00.580416 Process ID: 378991
00:00:00.580417 Package type: LINUX_64BITS_GENERIC (OSE)
00:00:00.580434 Qt version: 5.15.14
00:00:00.581508 GUI: UIMediumEnumerator: Initial medium-enumeration finished!
00:00:00.590241 GUI: UIMediumEnumerator: Medium-enumeration started...
00:00:01.195759 GUI: UIMediumEnumerator: Medium-enumeration finished!
00:00:01.210587 GUI: UIDesktopWidgetWatchdog::sltHandleHostScreenAvailableGeometryCalculated: Screen 0 work area is actually resized to: 2505x328 x 960x540
00:00:01.212391 GUI: UIDesktopWidgetWatchdog::sltHandleHostScreenAvailableGeometryCalculated: Screen 1 work area is actually resized to: 2506x329 x 960x540
00:00:31.215761 GUI: UICommon: Handling aboutToQuit request..
00:00:31.969517 GUI: UICommon: aboutToQuit request handled!
