00:00:00.000709 main     VirtualBox XPCOM Server 7.0.18 r162988 linux.amd64 (May  3 2024 17:29:05) release log
00:00:00.000711 main     Log opened 2024-06-11T20:59:43.732561000Z
00:00:00.000712 main     Build Type: release
00:00:00.000713 main     OS Product: Linux
00:00:00.000714 main     OS Release: 6.9.3-zen1-1-zen
00:00:00.000715 main     OS Version: #1 ZEN SMP PREEMPT_DYNAMIC Fri, 31 May 2024 15:14:26 +0000
00:00:00.000732 main     DMI Product Name: 20QD0037MZ
00:00:00.000738 main     DMI Product Version: ThinkPad X1 Carbon 7th
00:00:00.000742 main     Firmware type: UEFI
00:00:00.001067 main     Secure Boot: Disabled
00:00:00.001097 main     Host RAM: 15672MB (15.3GB) total, 10575MB (10.3GB) available
00:00:00.001099 main     Executable: /usr/lib/virtualbox/VBoxSVC
00:00:00.001100 main     Process ID: 379025
00:00:00.001100 main     Package type: LINUX_64BITS_GENERIC (OSE)
00:00:00.002538 main     IPC socket path: /tmp/.vbox-ruben-ipc/ipcd
00:00:00.110928 nspr-2   VirtualBox: object creation starts
00:00:00.112693 nspr-2   Home directory: '/home/ruben/.config/VirtualBox'
00:00:00.113477 nspr-2   Loading settings file "/home/ruben/.config/VirtualBox/VirtualBox.xml" with version "1.12-linux"
00:00:00.123527 nspr-2   USB: Unknown USB device detected (idVendor: 0x06cb, idProduct: 0x00bd)
00:00:00.123652 nspr-2   USB: Unknown USB device detected (idVendor: 0x8087, idProduct: 0x0aaa)
00:00:00.124034 nspr-2   Successfully initialised host USB using sysfs
00:00:00.152506 nspr-2   NetIfAdpCtlOut: VBoxNetAdpCtl: Error while retrieving link speed for wlp0s20f3: VBoxNetAdpCtl: ioctl failed: Operation not supported
00:00:00.318757 nspr-2   HostDnsMonitor: initializing
00:00:00.318952 nspr-2   NAT: resolv.conf: nameserver 192.168.163.24
00:00:00.318959 nspr-2   HostDnsMonitor: updating information
00:00:00.318968 nspr-2   HostDnsMonitor: old information
00:00:00.318969 nspr-2     no server entries
00:00:00.318970 nspr-2     no domain set
00:00:00.318971 nspr-2     no search string entries
00:00:00.318972 nspr-2   HostDnsMonitor: new information
00:00:00.318982 nspr-2     server 1: 192.168.163.24
00:00:00.318984 nspr-2     no domain set
00:00:00.318985 nspr-2     no search string entries
00:00:00.338048 nspr-2   VD: VDInit finished with VINF_SUCCESS
00:00:00.338769 nspr-2   ERROR [COM]: aRC=NS_ERROR_FAILURE (0x80004005) aIID={aac6c7cb-a371-4c58-ab51-0616896b2f2c} aComponent={SystemPropertiesWrap} aText={Cannot determine default Guest Additions ISO location. Most likely they are not available}, preserve=false aResultDetail=0
00:00:00.346001 nspr-2   Loading settings file "/home/ruben/VirtualBox VMs/Metasploitable2-Linux/Metasploitable2-Linux.vbox" with version "1.19-linux"
00:00:00.347280 nspr-2   Loading settings file "/home/ruben/VirtualBox VMs/kali-linux-2022.4-virtualbox-amd64/kali-linux-2022.4-virtualbox-amd64.vbox" with version "1.19-linux"
00:00:00.347952 nspr-2   VirtualBox: object created
00:00:00.866821 nspr-4   NetIfAdpCtlOut: VBoxNetAdpCtl: Error while retrieving link speed for wlp0s20f3: VBoxNetAdpCtl: ioctl failed: Operation not supported
00:00:01.034173 nspr-2   ERROR [COM]: aRC=VBOX_E_INVALID_VM_STATE (0x80bb0002) aIID={300763af-5d6b-46e6-aa96-273eac15538a} aComponent={MachineWrap} aText={The machine is not mutable (state is PoweredOff)}, preserve=false aResultDetail=0
00:00:11.145185 nspr-2   ERROR [COM]: aRC=VBOX_E_OBJECT_NOT_FOUND (0x80bb0001) aIID={5bfd8965-b81b-469f-8649-f717ce97a5d5} aComponent={NvramStoreWrap} aText={The UEFI NVRAM file is not existing for this machine.}, preserve=false aResultDetail=0
00:00:11.154962 nspr-4   NetIfAdpCtlOut: VBoxNetAdpCtl: Error while retrieving link speed for wlp0s20f3: VBoxNetAdpCtl: ioctl failed: Operation not supported
00:00:11.297256 nspr-2   ERROR [COM]: aRC=VBOX_E_INVALID_VM_STATE (0x80bb0002) aIID={300763af-5d6b-46e6-aa96-273eac15538a} aComponent={MachineWrap} aText={The machine is not mutable (state is PoweredOff)}, preserve=false aResultDetail=0
00:00:11.312016 nspr-2   NetIfAdpCtlOut: VBoxNetAdpCtl: Error while retrieving link speed for wlp0s20f3: VBoxNetAdpCtl: ioctl failed: Operation not supported
00:00:11.356597 nspr-4   ERROR [COM]: aRC=VBOX_E_INVALID_VM_STATE (0x80bb0002) aIID={300763af-5d6b-46e6-aa96-273eac15538a} aComponent={MachineWrap} aText={The machine is not mutable (state is PoweredOff)}, preserve=false aResultDetail=0
00:00:12.232690 nspr-5   Saving settings file "/home/ruben/.config/VirtualBox/VirtualBox.xml" with version "1.12-linux"
00:00:12.245345 nspr-5   Finished saving settings file "/home/ruben/.config/VirtualBox/VirtualBox.xml"
00:00:15.034083 nspr-5   Saving settings file "/home/ruben/.config/VirtualBox/VirtualBox.xml" with version "1.12-linux"
00:00:15.073124 nspr-5   Finished saving settings file "/home/ruben/.config/VirtualBox/VirtualBox.xml"
00:00:28.168489 nspr-2   Saving settings file "/home/ruben/.config/VirtualBox/VirtualBox.xml" with version "1.12-linux"
00:00:28.205631 nspr-2   Finished saving settings file "/home/ruben/.config/VirtualBox/VirtualBox.xml"
00:00:28.205685 nspr-2   Saving settings file "/home/ruben/.config/VirtualBox/VirtualBox.xml" with version "1.12-linux"
00:00:28.207027 nspr-2   Finished saving settings file "/home/ruben/.config/VirtualBox/VirtualBox.xml"
00:00:28.211153 DeleteVM Saving settings file "/home/ruben/.config/VirtualBox/VirtualBox.xml" with version "1.12-linux"
00:00:28.214066 DeleteVM Finished saving settings file "/home/ruben/.config/VirtualBox/VirtualBox.xml"
00:00:28.214937 nspr-2   Saving settings file "/home/ruben/.config/VirtualBox/VirtualBox.xml" with version "1.12-linux"
00:00:28.217995 nspr-2   Finished saving settings file "/home/ruben/.config/VirtualBox/VirtualBox.xml"
00:00:28.221398 nspr-4   ERROR [COM]: aRC=VBOX_E_OBJECT_NOT_FOUND (0x80bb0001) aIID={7682d5eb-f00e-44f1-8ca2-99d08b1cd607} aComponent={VirtualBoxWrap} aText={Could not find a registered machine with UUID {1b908152-38ed-4fa3-8e81-c60adf3e1102}}, preserve=false aResultDetail=0
00:00:28.252262 nspr-4   ERROR [COM]: aRC=VBOX_E_INVALID_VM_STATE (0x80bb0002) aIID={300763af-5d6b-46e6-aa96-273eac15538a} aComponent={MachineWrap} aText={The machine is not mutable (state is PoweredOff)}, preserve=false aResultDetail=0
00:00:28.267227 nspr-3   ERROR [COM]: aRC=VBOX_E_OBJECT_NOT_FOUND (0x80bb0001) aIID={7682d5eb-f00e-44f1-8ca2-99d08b1cd607} aComponent={VirtualBoxWrap} aText={Could not find a registered machine with UUID {1b908152-38ed-4fa3-8e81-c60adf3e1102}}, preserve=false aResultDetail=0
00:00:28.284840 nspr-5   ERROR [COM]: aRC=VBOX_E_INVALID_VM_STATE (0x80bb0002) aIID={300763af-5d6b-46e6-aa96-273eac15538a} aComponent={MachineWrap} aText={The machine is not mutable (state is PoweredOff)}, preserve=false aResultDetail=0
00:00:36.749592 main     VirtualBox: object deletion starts
00:00:36.749701 main     ERROR [COM]: aRC=VBOX_E_OBJECT_IN_USE (0x80bb000c) aIID={ad47ad09-787b-44ab-b343-a082a3f2dfb1} aComponent={MediumWrap} aText={Medium '/home/ruben/UNI/Software Security/Exercises/Blatt06/Metasploitable2-Linux/Metasploitable.vmdk' cannot be closed because it is still attached to 1 virtual machines}, preserve=false aResultDetail=0
00:00:36.751221 main     HostDnsMonitor: shutting down ...
00:00:36.751858 main     HostDnsMonitor: shut down
00:00:36.764434 Watcher  ERROR [COM]: aRC=E_ACCESSDENIED (0x80070005) aIID={7682d5eb-f00e-44f1-8ca2-99d08b1cd607} aComponent={VirtualBoxWrap} aText={The object is not ready}, preserve=false aResultDetail=0
00:00:36.764717 main     VirtualBox: object deleted
