[2022-06-14 19:29:50.536] [info] Checking for update
[2022-06-14 19:29:50.594] [info] Error reading /home/ruben/.config/notion-app/cookies.json {
  constructor: 'Error',
  errno: -2,
  syscall: 'open',
  code: 'ENOENT',
  path: '/home/ruben/.config/notion-app/cookies.json',
  stack: "Error: /home/ruben/.config/notion-app/cookies.json: ENOENT: no such file or directory, open '/home/ruben/.config/notion-app/cookies.json'\n" +
    '    at Object.openSync (fs.js:466:3)\n' +
    '    at Object.func [as openSync] (electron/js2c/asar_bundle.js:5:1812)\n' +
    '    at Object.readFileSync (fs.js:368:35)\n' +
    '    at Object.e.readFileSync (electron/js2c/asar_bundle.js:5:8592)\n' +
    '    at Object.readFileSync (/opt/Notion/resources/app.asar/node_modules/jsonfile/index.js:61:22)\n' +
    '    at JsonStore.loadSync (/opt/Notion/resources/app.asar/main/JsonStore.js:38:44)\n' +
    '    at new JsonStore (/opt/Notion/resources/app.asar/main/JsonStore.js:15:14)\n' +
    '    at Object.<anonymous> (/opt/Notion/resources/app.asar/main/schemeHandler.js:37:25)\n' +
    '    at Module._compile (internal/modules/cjs/loader.js:1152:30)\n' +
    '    at Object.Module._extensions..js (internal/modules/cjs/loader.js:1173:10)'
}
[2022-06-14 19:29:51.346] [info] {
  level: 'info',
  from: 'AssetCache',
  type: 'latestVersionPath',
  data: {
    message: 'latestVersion.json path /home/ruben/.config/notion-app/notionAssetCache-v2/latestVersion.json'
  }
}
[2022-06-14 19:29:51.349] [error] Error: Error: ENOENT: no such file or directory, open '/opt/Notion/resources/app-update.yml'
[2022-06-14 19:29:51.350] [info] {
  level: 'info',
  from: 'autoUpdater',
  type: 'unsupportedLinuxApp',
  error: {
    name: 'Error',
    message: "ENOENT: no such file or directory, open '/opt/Notion/resources/app-update.yml'",
    stack: "Error: ENOENT: no such file or directory, open '/opt/Notion/resources/app-update.yml'"
  }
}
[2022-06-14 19:29:51.354] [info] {
  level: 'info',
  from: 'AssetCache',
  type: 'errorReadingPath',
  error: {
    name: 'Error',
    message: "ENOENT: no such file or directory, open '/home/ruben/.config/notion-app/notionAssetCache-v2/latestVersion.json'",
    stack: "Error: ENOENT: no such file or directory, open '/home/ruben/.config/notion-app/notionAssetCache-v2/latestVersion.json'"
  },
  data: {
    message: 'Error reading /home/ruben/.config/notion-app/notionAssetCache-v2/latestVersion.json'
  }
}
[2022-06-14 19:29:51.355] [info] {
  level: 'info',
  from: 'AssetCache',
  type: 'currentVersionLoaded',
  data: {}
}
[2022-06-14 19:29:51.356] [info] {
  level: 'info',
  from: 'AssetCache',
  type: 'syncVersionEmptyLatestVersion'
}
[2022-06-14 19:29:51.356] [info] {
  level: 'info',
  from: 'AssetCache',
  type: 'currentSyncedAssetsJson',
  data: {}
}
[2022-06-14 19:29:51.888] [info] {
  level: 'info',
  from: 'AssetCache',
  type: 'appUpdateAvailable',
  data: { version: '23.10.25.33' }
}
[2022-06-14 19:29:59.980] [info] { level: 'info', from: 'AssetCache', type: 'checkingForAppUpdate2' }
[2022-06-14 19:29:59.982] [info] {
  level: 'info',
  from: 'AssetCache',
  type: 'appUpdateDownloadComplete',
  data: { version: '23.10.25.33' }
}
[2022-06-14 19:29:59.984] [info] {
  level: 'info',
  from: 'AssetCache',
  type: 'installingAppUpdate',
  data: { version: '23.10.25.33' }
}
[2022-06-14 19:30:28.443] [info] Checking for update
[2022-06-14 19:30:29.297] [info] {
  level: 'info',
  from: 'AssetCache',
  type: 'latestVersionPath',
  data: {
    message: 'latestVersion.json path /home/ruben/.config/notion-app/notionAssetCache-v2/latestVersion.json'
  }
}
[2022-06-14 19:30:29.302] [error] Error: Error: ENOENT: no such file or directory, open '/opt/Notion/resources/app-update.yml'
[2022-06-14 19:30:29.303] [info] {
  level: 'info',
  from: 'autoUpdater',
  type: 'unsupportedLinuxApp',
  error: {
    name: 'Error',
    message: "ENOENT: no such file or directory, open '/opt/Notion/resources/app-update.yml'",
    stack: "Error: ENOENT: no such file or directory, open '/opt/Notion/resources/app-update.yml'"
  }
}
[2022-06-14 19:30:29.322] [info] {
  level: 'info',
  from: 'AssetCache',
  type: 'currentVersionLoaded',
  data: { version: '23.10.25.33', hash: 'f5d1dc43b7d8a135bfd4a37f58aa7b93' }
}
[2022-06-14 19:30:29.323] [info] {
  level: 'info',
  from: 'AssetCache',
  type: 'syncVersions',
  data: {
    message: 'Sync versions: assets.json path /home/ruben/.config/notion-app/notionAssetCache-v2/23.10.25.33/assets.json headers.json path /home/ruben/.config/notion-app/notionAssetCache-v2/23.10.25.33/headers.json'
  }
}
[2022-06-14 19:30:29.340] [info] {
  level: 'info',
  from: 'AssetCache',
  type: 'currentSyncedAssetsJson',
  data: { version: '23.10.25.33' }
}
[2022-06-14 19:39:59.991] [info] { level: 'info', from: 'AssetCache', type: 'checkingForAppUpdate' }
[2022-06-14 19:40:00.697] [info] { level: 'info', from: 'AssetCache', type: 'noAppUpdateAvailable2' }
[2022-06-14 19:50:00.700] [info] { level: 'info', from: 'AssetCache', type: 'checkingForAppUpdate' }
[2022-06-14 19:50:01.293] [info] {
  level: 'info',
  from: 'AssetCache',
  type: 'appUpdateAvailable',
  data: { version: '23.10.25.34' }
}
[2022-06-14 19:50:03.656] [info] { level: 'info', from: 'AssetCache', type: 'checkingForAppUpdate2' }
[2022-06-14 19:50:03.657] [info] {
  level: 'info',
  from: 'AssetCache',
  type: 'appUpdateDownloadComplete',
  data: { version: '23.10.25.34' }
}
[2022-06-14 19:50:03.658] [info] {
  level: 'info',
  from: 'AssetCache',
  type: 'installingAppUpdate',
  data: { version: '23.10.25.34' }
}
[2022-06-14 20:00:03.661] [info] { level: 'info', from: 'AssetCache', type: 'checkingForAppUpdate' }
[2022-06-14 20:00:04.231] [info] { level: 'info', from: 'AssetCache', type: 'noAppUpdateAvailable2' }
[2022-06-14 20:10:04.237] [info] { level: 'info', from: 'AssetCache', type: 'checkingForAppUpdate' }
[2022-06-14 20:10:05.090] [info] { level: 'info', from: 'AssetCache', type: 'noAppUpdateAvailable2' }
[2022-06-14 20:20:05.094] [info] { level: 'info', from: 'AssetCache', type: 'checkingForAppUpdate' }
[2022-06-14 20:20:05.638] [info] { level: 'info', from: 'AssetCache', type: 'noAppUpdateAvailable2' }
[2022-06-14 20:24:32.494] [info] Quitting...
[2022-06-14 20:24:32.495] [info] Killing child process
